
下雨了，小草开始长大了，现在小草1岁了
没有下雨，小草没有成长
没有下雨，小草没有成长
没有下雨，小草没有成长
没有下雨，小草没有成长
没有下雨，小草没有成长
没有下雨，小草没有成长
没有下雨，小草没有成长
下雨了，小草开始长大了，现在小草2岁了
没有下雨，小草没有成长
没有下雨，小草没有成长
没有下雨，小草没有成长
下雨了，小草开始长大了，现在小草3岁了
小牛开始吃草了，现在吃的时第1次
重置草灌溉的次数
没有下雨，小草没有成长
没有下雨，小草没有成长
没有下雨，小草没有成长
没有下雨，小草没有成长
没有下雨，小草没有成长
下雨了，小草开始长大了，现在小草1岁了
没有下雨，小草没有成长
没有下雨，小草没有成长
没有下雨，小草没有成长
没有下雨，小草没有成长
没有下雨，小草没有成长
下雨了，小草开始长大了，现在小草2岁了
没有下雨，小草没有成长
没有下雨，小草没有成长
没有下雨，小草没有成长
没有下雨，小草没有成长
没有下雨，小草没有成长
没有下雨，小草没有成长
没有下雨，小草没有成长
下雨了，小草开始长大了，现在小草3岁了
小牛开始吃草了，现在吃的时第2次
重置草灌溉的次数
没有下雨，小草没有成长
没有下雨，小草没有成长
没有下雨，小草没有成长
没有下雨，小草没有成长
没有下雨，小草没有成长
没有下雨，小草没有成长
没有下雨，小草没有成长
没有下雨，小草没有成长
没有下雨，小草没有成长
没有下雨，小草没有成长
没有下雨，小草没有成长
没有下雨，小草没有成长
下雨了，小草开始长大了，现在小草1岁了
没有下雨，小草没有成长
没有下雨，小草没有成长
没有下雨，小草没有成长
没有下雨，小草没有成长
没有下雨，小草没有成长
没有下雨，小草没有成长
没有下雨，小草没有成长
没有下雨，小草没有成长
没有下雨，小草没有成长
下雨了，小草开始长大了，现在小草2岁了
下雨了，小草开始长大了，现在小草3岁了
小牛开始吃草了，现在吃的时第3次
重置草灌溉的次数
没有下雨，小草没有成长
下雨了，小草开始长大了，现在小草1岁了
没有下雨，小草没有成长
没有下雨，小草没有成长
没有下雨，小草没有成长
没有下雨，小草没有成长
没有下雨，小草没有成长
没有下雨，小草没有成长
没有下雨，小草没有成长
没有下雨，小草没有成长
下雨了，小草开始长大了，现在小草2岁了
没有下雨，小草没有成长
下雨了，小草开始长大了，现在小草3岁了
小牛开始吃草了，现在吃的时第4次
重置草灌溉的次数
没有下雨，小草没有成长
没有下雨，小草没有成长
没有下雨，小草没有成长
没有下雨，小草没有成长
没有下雨，小草没有成长
没有下雨，小草没有成长
没有下雨，小草没有成长
没有下雨，小草没有成长
没有下雨，小草没有成长
下雨了，小草开始长大了，现在小草1岁了
下雨了，小草开始长大了，现在小草2岁了
没有下雨，小草没有成长
没有下雨，小草没有成长
没有下雨，小草没有成长
没有下雨，小草没有成长
下雨了，小草开始长大了，现在小草3岁了
小牛开始吃草了，现在吃的时第5次
重置草灌溉的次数
牛长大了，程序运行结束了